----------------------------------------------------------------
Wed Nov 25 18:22:34 CST 2015:
Booting Derby version The Apache Software Foundation - Apache Derby - 10.10.1.1 - (1458268): instance a816c00e-0151-3e2a-8a7e-00000afedff0 
on database directory E:\GitHub\spark_java_program\first_spark_project\metastore_db with class loader org.apache.spark.sql.hive.client.IsolatedClientLoader$$anon$1@5918c33 
Loaded from file:/C:/Users/prm14/.m2/repository/org/apache/derby/derby/10.10.1.1/derby-10.10.1.1.jar
java.vendor=Oracle Corporation
java.runtime.version=1.7.0_71-b14
user.dir=E:\GitHub\spark_java_program\first_spark_project
os.name=Windows 8.1
os.arch=amd64
os.version=6.3
derby.system.home=null
Database Class Loader started - derby.database.classpath=''
Wed Nov 25 18:22:41 CST 2015 Thread[main,5,main] (XID = 260), (SESSIONID = 13), (DATABASE = metastore_db), (DRDAID = null), Cleanup action starting
Wed Nov 25 18:22:41 CST 2015 Thread[main,5,main] (XID = 260), (SESSIONID = 13), (DATABASE = metastore_db), (DRDAID = null), Failed Statement is: SELECT 'org.apache.hadoop.hive.metastore.model.MVersionTable' AS NUCLEUS_TYPE,A0.SCHEMA_VERSION,A0.VERSION_COMMENT,A0.VER_ID FROM VERSION A0
java.lang.OutOfMemoryError: PermGen space
	at sun.misc.Unsafe.defineClass(Native Method)
	at sun.reflect.ClassDefiner.defineClass(ClassDefiner.java:63)
	at sun.reflect.MethodAccessorGenerator$1.run(MethodAccessorGenerator.java:399)
	at sun.reflect.MethodAccessorGenerator$1.run(MethodAccessorGenerator.java:396)
	at java.security.AccessController.doPrivileged(Native Method)
	at sun.reflect.MethodAccessorGenerator.generate(MethodAccessorGenerator.java:395)
	at sun.reflect.MethodAccessorGenerator.generateConstructor(MethodAccessorGenerator.java:94)
	at sun.reflect.NativeConstructorAccessorImpl.newInstance(NativeConstructorAccessorImpl.java:48)
	at sun.reflect.DelegatingConstructorAccessorImpl.newInstance(DelegatingConstructorAccessorImpl.java:45)
	at java.lang.reflect.Constructor.newInstance(Constructor.java:526)
	at org.apache.derby.iapi.services.loader.ClassInfo.getNewInstance(Unknown Source)
	at org.apache.derby.impl.sql.compile.NodeFactoryImpl.getNode(Unknown Source)
	at org.apache.derby.impl.sql.compile.SelectNode.bindExpressions(Unknown Source)
	at org.apache.derby.impl.sql.compile.DMLStatementNode.bindExpressions(Unknown Source)
	at org.apache.derby.impl.sql.compile.DMLStatementNode.bind(Unknown Source)
	at org.apache.derby.impl.sql.compile.CursorNode.bindStatement(Unknown Source)
	at org.apache.derby.impl.sql.GenericStatement.prepMinion(Unknown Source)
	at org.apache.derby.impl.sql.GenericStatement.prepare(Unknown Source)
	at org.apache.derby.impl.sql.conn.GenericLanguageConnectionContext.prepareInternalStatement(Unknown Source)
	at org.apache.derby.impl.jdbc.EmbedPreparedStatement.<init>(Unknown Source)
	at org.apache.derby.impl.jdbc.EmbedPreparedStatement20.<init>(Unknown Source)
	at org.apache.derby.impl.jdbc.EmbedPreparedStatement30.<init>(Unknown Source)
	at org.apache.derby.impl.jdbc.EmbedPreparedStatement40.<init>(Unknown Source)
	at org.apache.derby.jdbc.Driver40.newEmbedPreparedStatement(Unknown Source)
	at org.apache.derby.impl.jdbc.EmbedConnection.prepareStatement(Unknown Source)
	at org.apache.derby.impl.jdbc.EmbedConnection.prepareStatement(Unknown Source)
	at com.jolbox.bonecp.ConnectionHandle.prepareStatement(ConnectionHandle.java:1193)
	at org.datanucleus.store.rdbms.SQLController.getStatementForQuery(SQLController.java:350)
	at org.datanucleus.store.rdbms.query.RDBMSQueryUtils.getPreparedStatementForQuery(RDBMSQueryUtils.java:194)
	at org.datanucleus.store.rdbms.query.JDOQLQuery.performExecute(JDOQLQuery.java:640)
	at org.datanucleus.store.query.Query.executeQuery(Query.java:1786)
	at org.datanucleus.store.query.Query.executeWithArray(Query.java:1672)
Cleanup action completed
